<?xml version="1.0" encoding="UTF-8"?>
<!-- Generated by org.testng.reporters.JUnitXMLReporter -->
<testsuite ignored="0" hostname="INLT-J1GVBS3" failures="0" tests="6" name="Default test" time="11.82" errors="0" timestamp="2025-08-26T19:57:36 IST">
  <testcase classname="api.test.DataDrivenTests" name="testCreateUsers" time="3.251"/>
  <testcase classname="api.test.DataDrivenTests" name="testCreateUsers" time="1.293"/>
  <testcase classname="api.test.DataDrivenTests" name="testCreateUsers" time="1.299"/>
  <testcase classname="api.test.DataDrivenTests" name="deleteUsersbyName" time="1.627"/>
  <testcase classname="api.test.DataDrivenTests" name="deleteUsersbyName" time="1.393"/>
  <testcase classname="api.test.DataDrivenTests" name="deleteUsersbyName" time="1.572"/>
</testsuite> <!-- Default test -->
